# JRE version: OpenJDK Runtime Environment (21.0.8+9) (build 21.0.8+9-Ubuntu-0ubuntu124.04.1)
# Java VM: OpenJDK 64-Bit Server VM (21.0.8+9-Ubuntu-0ubuntu124.04.1, mixed mode, sharing, tiered, compressed oops, compressed class ptrs, g1 gc, linux-amd64)
GC Precious Log:
 CardTable entry size: 512
 Card Set container configuration: InlinePtr #cards 5 size 8 Array Of Cards #cards 12 size 40 Howl #buckets 4 coarsen threshold 1843 Howl Bitmap #cards 512 size 80 coarsen threshold 460 Card regions per heap region 1 cards per card region 2048
 CPUs: 4 total, 2 available
 Memory: 5757M
 Large Page Support: Disabled
 NUMA Support: Disabled
 Compressed Oops: Enabled (32-bit)
 Heap Region Size: 1M
 Heap Min Capacity: 8M
 Heap Initial Capacity: 90M
 Heap Max Capacity: 1440M
 Pre-touch: Disabled
 Parallel Workers: 2
 Concurrent Workers: 1
 Concurrent Refinement Workers: 2
 Periodic GC: Disabled
Heap:
 garbage-first heap   total 65536K, used 52851K [0x00000000a6000000, 0x0000000100000000)
  region size 1024K, 20 young (20480K), 3 survivors (3072K)
 Metaspace       used 31589K, committed 32064K, reserved 1114112K
  class space    used 4212K, committed 4416K, reserved 1048576K
GC Heap History (20 events):
Event: 63.115 GC heap before
{Heap before GC invocations=6 (full 0):
 garbage-first heap   total 58368K, used 49026K [0x00000000a6000000, 0x0000000100000000)
  region size 1024K, 34 young (34816K), 2 survivors (2048K)
 Metaspace       used 25030K, committed 25408K, reserved 1114112K
  class space    used 3573K, committed 3712K, reserved 1048576K
}
Event: 63.181 GC heap after
{Heap after GC invocations=7 (full 0):
 garbage-first heap   total 58368K, used 20530K [0x00000000a6000000, 0x0000000100000000)
  region size 1024K, 5 young (5120K), 5 survivors (5120K)
 Metaspace       used 25030K, committed 25408K, reserved 1114112K
  class space    used 3573K, committed 3712K, reserved 1048576K
}
Event: 72.605 GC heap before
{Heap before GC invocations=7 (full 0):
 garbage-first heap   total 58368K, used 47154K [0x00000000a6000000, 0x0000000100000000)
  region size 1024K, 31 young (31744K), 5 survivors (5120K)
 Metaspace       used 25820K, committed 26112K, reserved 1114112K
  class space    used 3639K, committed 3776K, reserved 1048576K
}
Event: 72.627 GC heap after
{Heap after GC invocations=8 (full 0):
 garbage-first heap   total 58368K, used 23863K [0x00000000a6000000, 0x0000000100000000)
  region size 1024K, 3 young (3072K), 3 survivors (3072K)
 Metaspace       used 25820K, committed 26112K, reserved 1114112K
  class space    used 3639K, committed 3776K, reserved 1048576K
}
Event: 102.911 GC heap before
{Heap before GC invocations=8 (full 0):
 garbage-first heap   total 58368K, used 47415K [0x00000000a6000000, 0x0000000100000000)
  region size 1024K, 27 young (27648K), 3 survivors (3072K)
 Metaspace       used 26285K, committed 26624K, reserved 1114112K
  class space    used 3677K, committed 3840K, reserved 1048576K
}
Event: 102.945 GC heap after
{Heap after GC invocations=9 (full 0):
 garbage-first heap   total 58368K, used 27433K [0x00000000a6000000, 0x0000000100000000)
  region size 1024K, 4 young (4096K), 4 survivors (4096K)
 Metaspace       used 26285K, committed 26624K, reserved 1114112K
  class space    used 3677K, committed 3840K, reserved 1048576K
}
Event: 134.434 GC heap before
{Heap before GC invocations=9 (full 0):
 garbage-first heap   total 58368K, used 48937K [0x00000000a6000000, 0x0000000100000000)
  region size 1024K, 25 young (25600K), 4 survivors (4096K)
 Metaspace       used 26750K, committed 27136K, reserved 1114112K
  class space    used 3722K, committed 3904K, reserved 1048576K
}
Event: 134.472 GC heap after
{Heap after GC invocations=10 (full 0):
 garbage-first heap   total 58368K, used 30216K [0x00000000a6000000, 0x0000000100000000)
  region size 1024K, 3 young (3072K), 3 survivors (3072K)
 Metaspace       used 26750K, committed 27136K, reserved 1114112K
  class space    used 3722K, committed 3904K, reserved 1048576K
}
Event: 152.690 GC heap before
{Heap before GC invocations=10 (full 0):
 garbage-first heap   total 58368K, used 48648K [0x00000000a6000000, 0x0000000100000000)
  region size 1024K, 21 young (21504K), 3 survivors (3072K)
 Metaspace       used 28064K, committed 28544K, reserved 1114112K
  class space    used 3893K, committed 4096K, reserved 1048576K
}
Event: 152.714 GC heap after
{Heap after GC invocations=11 (full 0):
 garbage-first heap   total 58368K, used 33357K [0x00000000a6000000, 0x0000000100000000)
  region size 1024K, 3 young (3072K), 3 survivors (3072K)
 Metaspace       used 28064K, committed 28544K, reserved 1114112K
  class space    used 3893K, committed 4096K, reserved 1048576K
}
Event: 181.649 GC heap before
{Heap before GC invocations=12 (full 0):
 garbage-first heap   total 58368K, used 48717K [0x00000000a6000000, 0x0000000100000000)
  region size 1024K, 18 young (18432K), 3 survivors (3072K)
 Metaspace       used 28186K, committed 28608K, reserved 1114112K
  class space    used 3893K, committed 4096K, reserved 1048576K
}
Event: 181.664 GC heap after
{Heap after GC invocations=13 (full 0):
 garbage-first heap   total 58368K, used 35883K [0x00000000a6000000, 0x0000000100000000)
  region size 1024K, 3 young (3072K), 3 survivors (3072K)
 Metaspace       used 28186K, committed 28608K, reserved 1114112K
  class space    used 3893K, committed 4096K, reserved 1048576K
}
Event: 202.836 GC heap before
{Heap before GC invocations=13 (full 0):
 garbage-first heap   total 58368K, used 49195K [0x00000000a6000000, 0x0000000100000000)
  region size 1024K, 16 young (16384K), 3 survivors (3072K)
 Metaspace       used 28280K, committed 28736K, reserved 1114112K
  class space    used 3893K, committed 4096K, reserved 1048576K
}
Event: 202.860 GC heap after
{Heap after GC invocations=14 (full 0):
 garbage-first heap   total 58368K, used 35812K [0x00000000a6000000, 0x0000000100000000)
  region size 1024K, 1 young (1024K), 1 survivors (1024K)
 Metaspace       used 28280K, committed 28736K, reserved 1114112K
  class space    used 3893K, committed 4096K, reserved 1048576K
}
Event: 219.026 GC heap before
{Heap before GC invocations=14 (full 0):
 garbage-first heap   total 58368K, used 50148K [0x00000000a6000000, 0x0000000100000000)
  region size 1024K, 15 young (15360K), 1 survivors (1024K)
 Metaspace       used 28454K, committed 28864K, reserved 1114112K
  class space    used 3900K, committed 4096K, reserved 1048576K
}
Event: 219.037 GC heap after
{Heap after GC invocations=15 (full 0):
 garbage-first heap   total 58368K, used 38861K [0x00000000a6000000, 0x0000000100000000)
  region size 1024K, 2 young (2048K), 2 survivors (2048K)
 Metaspace       used 28454K, committed 28864K, reserved 1114112K
  class space    used 3900K, committed 4096K, reserved 1048576K
}
Event: 223.398 GC heap before
{Heap before GC invocations=16 (full 0):
 garbage-first heap   total 65536K, used 51149K [0x00000000a6000000, 0x0000000100000000)
  region size 1024K, 14 young (14336K), 2 survivors (2048K)
 Metaspace       used 29056K, committed 29440K, reserved 1114112K
  class space    used 3984K, committed 4160K, reserved 1048576K
}
Event: 223.417 GC heap after
{Heap after GC invocations=17 (full 0):
 garbage-first heap   total 65536K, used 41158K [0x00000000a6000000, 0x0000000100000000)
  region size 1024K, 2 young (2048K), 2 survivors (2048K)
 Metaspace       used 29056K, committed 29440K, reserved 1114112K
  class space    used 3984K, committed 4160K, reserved 1048576K
}
Event: 239.801 GC heap before
{Heap before GC invocations=17 (full 0):
 garbage-first heap   total 65536K, used 56518K [0x00000000a6000000, 0x0000000100000000)
  region size 1024K, 17 young (17408K), 2 survivors (2048K)
 Metaspace       used 29257K, committed 29696K, reserved 1114112K
  class space    used 3988K, committed 4160K, reserved 1048576K
}
Event: 239.843 GC heap after
{Heap after GC invocations=18 (full 0):
 garbage-first heap   total 65536K, used 37491K [0x00000000a6000000, 0x0000000100000000)
  region size 1024K, 3 young (3072K), 3 survivors (3072K)
 Metaspace       used 29257K, committed 29696K, reserved 1114112K
  class space    used 3988K, committed 4160K, reserved 1048576K
}

